<?xml version="1.0" encoding="UTF-8"?>
<testsuite name="com.marcnuri.demo.springmockmvc.SpringMockMvcWebControllerTest" tests="1" skipped="0" failures="0" errors="0" timestamp="2024-04-06T20:07:25" hostname="DESKTOP-5JI6M98" time="1.966">
  <properties/>
  <testcase name="testConcurrency" classname="com.marcnuri.demo.springmockmvc.SpringMockMvcWebControllerTest" time="1.966"/>
  <system-out><![CDATA[04:07:23.984 [Test worker] DEBUG org.springframework.test.context.junit4.SpringJUnit4ClassRunner - SpringJUnit4ClassRunner constructor called with [class com.marcnuri.demo.springmockmvc.SpringMockMvcWebControllerTest]
04:07:23.992 [Test worker] DEBUG org.springframework.test.context.BootstrapUtils - Instantiating CacheAwareContextLoaderDelegate from class [org.springframework.test.context.cache.DefaultCacheAwareContextLoaderDelegate]
04:07:23.999 [Test worker] DEBUG org.springframework.test.context.BootstrapUtils - Instantiating BootstrapContext using constructor [public org.springframework.test.context.support.DefaultBootstrapContext(java.lang.Class,org.springframework.test.context.CacheAwareContextLoaderDelegate)]
04:07:24.015 [Test worker] DEBUG org.springframework.test.context.BootstrapUtils - Instantiating TestContextBootstrapper for test class [com.marcnuri.demo.springmockmvc.SpringMockMvcWebControllerTest] from class [org.springframework.boot.test.context.SpringBootTestContextBootstrapper]
04:07:24.024 [Test worker] INFO org.springframework.boot.test.context.SpringBootTestContextBootstrapper - Neither @ContextConfiguration nor @ContextHierarchy found for test class [com.marcnuri.demo.springmockmvc.SpringMockMvcWebControllerTest], using SpringBootContextLoader
04:07:24.028 [Test worker] DEBUG org.springframework.test.context.support.AbstractContextLoader - Did not detect default resource location for test class [com.marcnuri.demo.springmockmvc.SpringMockMvcWebControllerTest]: class path resource [com/marcnuri/demo/springmockmvc/SpringMockMvcWebControllerTest-context.xml] does not exist
04:07:24.028 [Test worker] DEBUG org.springframework.test.context.support.AbstractContextLoader - Did not detect default resource location for test class [com.marcnuri.demo.springmockmvc.SpringMockMvcWebControllerTest]: class path resource [com/marcnuri/demo/springmockmvc/SpringMockMvcWebControllerTestContext.groovy] does not exist
04:07:24.028 [Test worker] INFO org.springframework.test.context.support.AbstractContextLoader - Could not detect default resource locations for test class [com.marcnuri.demo.springmockmvc.SpringMockMvcWebControllerTest]: no resource found for suffixes {-context.xml, Context.groovy}.
04:07:24.063 [Test worker] DEBUG org.springframework.test.context.support.ActiveProfilesUtils - Could not find an 'annotation declaring class' for annotation type [org.springframework.test.context.ActiveProfiles] and class [com.marcnuri.demo.springmockmvc.SpringMockMvcWebControllerTest]
04:07:24.155 [Test worker] DEBUG org.springframework.boot.test.context.SpringBootTestContextBootstrapper - @TestExecutionListeners is not present for class [com.marcnuri.demo.springmockmvc.SpringMockMvcWebControllerTest]: using defaults.
04:07:24.155 [Test worker] INFO org.springframework.boot.test.context.SpringBootTestContextBootstrapper - Loaded default TestExecutionListener class names from location [META-INF/spring.factories]: [org.springframework.boot.test.autoconfigure.restdocs.RestDocsTestExecutionListener, org.springframework.boot.test.autoconfigure.web.client.MockRestServiceServerResetTestExecutionListener, org.springframework.boot.test.autoconfigure.web.servlet.MockMvcPrintOnlyOnFailureTestExecutionListener, org.springframework.boot.test.autoconfigure.web.servlet.WebDriverTestExecutionListener, org.springframework.boot.test.mock.mockito.MockitoTestExecutionListener, org.springframework.boot.test.mock.mockito.ResetMocksTestExecutionListener, org.springframework.test.context.web.ServletTestExecutionListener, org.springframework.test.context.support.DirtiesContextBeforeModesTestExecutionListener, org.springframework.test.context.support.DependencyInjectionTestExecutionListener, org.springframework.test.context.support.DirtiesContextTestExecutionListener, org.springframework.test.context.transaction.TransactionalTestExecutionListener, org.springframework.test.context.jdbc.SqlScriptsTestExecutionListener]
04:07:24.164 [Test worker] DEBUG org.springframework.boot.test.context.SpringBootTestContextBootstrapper - Skipping candidate TestExecutionListener [org.springframework.test.context.transaction.TransactionalTestExecutionListener] due to a missing dependency. Specify custom listener classes or make the default listener classes and their required dependencies available. Offending class: [org/springframework/transaction/interceptor/TransactionAttributeSource]
04:07:24.164 [Test worker] DEBUG org.springframework.boot.test.context.SpringBootTestContextBootstrapper - Skipping candidate TestExecutionListener [org.springframework.test.context.jdbc.SqlScriptsTestExecutionListener] due to a missing dependency. Specify custom listener classes or make the default listener classes and their required dependencies available. Offending class: [org/springframework/transaction/interceptor/TransactionAttribute]
04:07:24.164 [Test worker] INFO org.springframework.boot.test.context.SpringBootTestContextBootstrapper - Using TestExecutionListeners: [org.springframework.test.context.web.ServletTestExecutionListener@59c21512, org.springframework.test.context.support.DirtiesContextBeforeModesTestExecutionListener@134c53c4, org.springframework.boot.test.mock.mockito.MockitoTestExecutionListener@3e141a70, org.springframework.boot.test.autoconfigure.SpringBootDependencyInjectionTestExecutionListener@527b99a4, org.springframework.test.context.support.DirtiesContextTestExecutionListener@1b586c7c, org.springframework.boot.test.autoconfigure.restdocs.RestDocsTestExecutionListener@6afbdea0, org.springframework.boot.test.autoconfigure.web.client.MockRestServiceServerResetTestExecutionListener@74229e15, org.springframework.boot.test.autoconfigure.web.servlet.MockMvcPrintOnlyOnFailureTestExecutionListener@7a9a8f8c, org.springframework.boot.test.autoconfigure.web.servlet.WebDriverTestExecutionListener@22f9272f, org.springframework.boot.test.mock.mockito.ResetMocksTestExecutionListener@16c3e30e]
04:07:24.169 [Test worker] DEBUG org.springframework.test.annotation.ProfileValueUtils - Retrieved @ProfileValueSourceConfiguration [null] for test class [com.marcnuri.demo.springmockmvc.SpringMockMvcWebControllerTest]
04:07:24.169 [Test worker] DEBUG org.springframework.test.annotation.ProfileValueUtils - Retrieved ProfileValueSource type [class org.springframework.test.annotation.SystemProfileValueSource] for class [com.marcnuri.demo.springmockmvc.SpringMockMvcWebControllerTest]
04:07:24.172 [Test worker] DEBUG org.springframework.test.annotation.ProfileValueUtils - Retrieved @ProfileValueSourceConfiguration [null] for test class [com.marcnuri.demo.springmockmvc.SpringMockMvcWebControllerTest]
04:07:24.173 [Test worker] DEBUG org.springframework.test.annotation.ProfileValueUtils - Retrieved ProfileValueSource type [class org.springframework.test.annotation.SystemProfileValueSource] for class [com.marcnuri.demo.springmockmvc.SpringMockMvcWebControllerTest]
04:07:24.173 [Test worker] DEBUG org.springframework.test.annotation.ProfileValueUtils - Retrieved @ProfileValueSourceConfiguration [null] for test class [com.marcnuri.demo.springmockmvc.SpringMockMvcWebControllerTest]
04:07:24.173 [Test worker] DEBUG org.springframework.test.annotation.ProfileValueUtils - Retrieved ProfileValueSource type [class org.springframework.test.annotation.SystemProfileValueSource] for class [com.marcnuri.demo.springmockmvc.SpringMockMvcWebControllerTest]
04:07:24.176 [Test worker] DEBUG org.springframework.test.context.support.AbstractDirtiesContextTestExecutionListener - Before test class: context [DefaultTestContext@3fe37e41 testClass = SpringMockMvcWebControllerTest, testInstance = [null], testMethod = [null], testException = [null], mergedContextConfiguration = [WebMergedContextConfiguration@3417a674 testClass = SpringMockMvcWebControllerTest, locations = '{}', classes = '{class com.marcnuri.demo.springmockmvc.SpringMockMvcApplication, class com.marcnuri.demo.springmockmvc.SpringMockMvcApplication}', contextInitializerClasses = '[]', activeProfiles = '{}', propertySourceLocations = '{}', propertySourceProperties = '{org.springframework.boot.test.context.SpringBootTestContextBootstrapper=true}', contextCustomizers = set[org.springframework.boot.test.autoconfigure.properties.PropertyMappingContextCustomizer@0, org.springframework.boot.test.autoconfigure.web.servlet.WebDriverContextCustomizerFactory$Customizer@461de8d, org.springframework.boot.test.context.filter.ExcludeFilterContextCustomizer@125eef54, org.springframework.boot.test.json.DuplicateJsonObjectContextCustomizerFactory$DuplicateJsonObjectContextCustomizer@75041662, org.springframework.boot.test.mock.mockito.MockitoContextCustomizer@0, org.springframework.boot.test.web.client.TestRestTemplateContextCustomizer@20f92d61], resourceBasePath = 'src/main/webapp', contextLoader = 'org.springframework.boot.test.context.SpringBootContextLoader', parent = [null]], attributes = map['org.springframework.test.context.web.ServletTestExecutionListener.activateListener' -> true]], class annotated with @DirtiesContext [false] with mode [null].
04:07:24.176 [Test worker] DEBUG org.springframework.test.annotation.ProfileValueUtils - Retrieved @ProfileValueSourceConfiguration [null] for test class [com.marcnuri.demo.springmockmvc.SpringMockMvcWebControllerTest]
04:07:24.176 [Test worker] DEBUG org.springframework.test.annotation.ProfileValueUtils - Retrieved ProfileValueSource type [class org.springframework.test.annotation.SystemProfileValueSource] for class [com.marcnuri.demo.springmockmvc.SpringMockMvcWebControllerTest]
04:07:24.202 [Test worker] DEBUG org.springframework.test.context.support.TestPropertySourceUtils - Adding inlined properties to environment: {spring.jmx.enabled=false, org.springframework.boot.test.context.SpringBootTestContextBootstrapper=true, server.port=-1}

  .   ____          _            __ _ _
 /\\ / ___'_ __ _ _(_)_ __  __ _ \ \ \ \
( ( )\___ | '_ | '_| | '_ \/ _` | \ \ \ \
 \\/  ___)| |_)| | | | | || (_| |  ) ) ) )
  '  |____| .__|_| |_|_| |_\__, | / / / /
 =========|_|==============|___/=/_/_/_/
 :: Spring Boot ::        (v2.1.8.RELEASE)

2024-04-07 04:07:24.413  INFO 36408 --- [    Test worker] c.m.d.s.SpringMockMvcWebControllerTest   : Starting SpringMockMvcWebControllerTest on DESKTOP-5JI6M98 with PID 36408 (started by heihe in C:\Users\heihe\workspace\projects\spring-mockmvc-test)
2024-04-07 04:07:24.414  INFO 36408 --- [    Test worker] c.m.d.s.SpringMockMvcWebControllerTest   : No active profile set, falling back to default profiles: default
2024-04-07 04:07:25.766  INFO 36408 --- [    Test worker] c.m.d.s.SpringMockMvcWebControllerTest   : Started SpringMockMvcWebControllerTest in 1.556 seconds (JVM running for 2.512)
2024-04-07 04:07:26.035  INFO 36408 --- [    Test worker] o.s.mock.web.MockServletContext          : Initializing Spring TestDispatcherServlet ''
2024-04-07 04:07:26.035  INFO 36408 --- [    Test worker] o.s.t.web.servlet.TestDispatcherServlet  : Initializing Servlet ''
2024-04-07 04:07:26.041  INFO 36408 --- [    Test worker] o.s.t.web.servlet.TestDispatcherServlet  : Completed initialization in 6 ms
========before========
========before========
========before========
========before========
========before========
arg: com.marcnuri.demo.springmockmvc.User@20
========before========
arg: com.marcnuri.demo.springmockmvc.User@21
arg: com.marcnuri.demo.springmockmvc.User@20
arg: com.marcnuri.demo.springmockmvc.User@21
========before========
========before========
arg: com.marcnuri.demo.springmockmvc.User@21
arg: com.marcnuri.demo.springmockmvc.User@20
arg: com.marcnuri.demo.springmockmvc.User@21
========before========
========before========
arg: com.marcnuri.demo.springmockmvc.User@21
========before========
========before========
arg: com.marcnuri.demo.springmockmvc.User@20
arg: com.marcnuri.demo.springmockmvc.User@20
========before========
arg: com.marcnuri.demo.springmockmvc.User@21
arg: com.marcnuri.demo.springmockmvc.User@20
arg: com.marcnuri.demo.springmockmvc.User@20
========before========
arg: com.marcnuri.demo.springmockmvc.User@20
========before========
========before========
arg: com.marcnuri.demo.springmockmvc.User@21
arg: com.marcnuri.demo.springmockmvc.User@21
========before========
========before========
========before========
arg: com.marcnuri.demo.springmockmvc.User@21
========before========
arg: com.marcnuri.demo.springmockmvc.User@21
========before========
arg: com.marcnuri.demo.springmockmvc.User@20
========before========
arg: com.marcnuri.demo.springmockmvc.User@21
========before========
========before========
========before========
arg: com.marcnuri.demo.springmockmvc.User@21
arg: com.marcnuri.demo.springmockmvc.User@20
arg: com.marcnuri.demo.springmockmvc.User@20
arg: com.marcnuri.demo.springmockmvc.User@21
========before========
arg: com.marcnuri.demo.springmockmvc.User@21
arg: com.marcnuri.demo.springmockmvc.User@21
========before========
arg: com.marcnuri.demo.springmockmvc.User@21
========before========
arg: com.marcnuri.demo.springmockmvc.User@21
========before========
========before========
arg: com.marcnuri.demo.springmockmvc.User@21
========before========
========before========
arg: com.marcnuri.demo.springmockmvc.User@21
arg: com.marcnuri.demo.springmockmvc.User@20
arg: com.marcnuri.demo.springmockmvc.User@21
========before========
========before========
arg: com.marcnuri.demo.springmockmvc.User@21
arg: com.marcnuri.demo.springmockmvc.User@21
========before========
========before========
arg: com.marcnuri.demo.springmockmvc.User@21
arg: com.marcnuri.demo.springmockmvc.User@21
========before========
arg: com.marcnuri.demo.springmockmvc.User@21
========before========
========before========
arg: com.marcnuri.demo.springmockmvc.User@20
arg: com.marcnuri.demo.springmockmvc.User@21
========before========
========before========
arg: com.marcnuri.demo.springmockmvc.User@20
arg: com.marcnuri.demo.springmockmvc.User@21
========before========
========before========
arg: com.marcnuri.demo.springmockmvc.User@21
========before========
arg: com.marcnuri.demo.springmockmvc.User@20
========before========
arg: com.marcnuri.demo.springmockmvc.User@20
========before========
========before========
arg: com.marcnuri.demo.springmockmvc.User@20
arg: com.marcnuri.demo.springmockmvc.User@21
arg: com.marcnuri.demo.springmockmvc.User@21
========before========
arg: com.marcnuri.demo.springmockmvc.User@20
========before========
========before========
arg: com.marcnuri.demo.springmockmvc.User@21
arg: com.marcnuri.demo.springmockmvc.User@21
========before========
arg: com.marcnuri.demo.springmockmvc.User@20
========before========
arg: com.marcnuri.demo.springmockmvc.User@21
========before========
arg: com.marcnuri.demo.springmockmvc.User@20
========before========
========before========
========before========
========before========
arg: com.marcnuri.demo.springmockmvc.User@20
arg: com.marcnuri.demo.springmockmvc.User@21
========before========
arg: com.marcnuri.demo.springmockmvc.User@21
========before========
arg: com.marcnuri.demo.springmockmvc.User@20
========before========
arg: com.marcnuri.demo.springmockmvc.User@20
========before========
========after========
========before========
arg: com.marcnuri.demo.springmockmvc.User@20
arg: com.marcnuri.demo.springmockmvc.User@21
========after========
========before========
========after========
arg: com.marcnuri.demo.springmockmvc.User@20
arg: com.marcnuri.demo.springmockmvc.User@20
========after========
========after========
========before========
========after========
arg: com.marcnuri.demo.springmockmvc.User@21
arg: com.marcnuri.demo.springmockmvc.User@20
========after========
========after========
========before========
arg: com.marcnuri.demo.springmockmvc.User@20
========after========
========after========
========after========
========after========
========after========
========before========
arg: com.marcnuri.demo.springmockmvc.User@21
========after========
========after========
========after========
========before========
========before========
========after========
arg: com.marcnuri.demo.springmockmvc.User@21
========after========
========before========
========after========
arg: com.marcnuri.demo.springmockmvc.User@21
========before========
========before========
arg: com.marcnuri.demo.springmockmvc.User@20
arg: com.marcnuri.demo.springmockmvc.User@20
========before========
========after========
========after========
========before========
arg: com.marcnuri.demo.springmockmvc.User@20
========after========
arg: com.marcnuri.demo.springmockmvc.User@20
========after========
========after========
========after========
========after========
========after========
========after========
========after========
========after========
========after========
arg: com.marcnuri.demo.springmockmvc.User@21
========after========
========after========
========after========
========before========
========before========
========before========
arg: com.marcnuri.demo.springmockmvc.User@21
arg: com.marcnuri.demo.springmockmvc.User@20
arg: com.marcnuri.demo.springmockmvc.User@20
========after========
========after========
========after========
========after========
========after========
========after========
========before========
========after========
========after========
arg: com.marcnuri.demo.springmockmvc.User@20
========after========
========after========
========before========
arg: com.marcnuri.demo.springmockmvc.User@21
========after========
========after========
========after========
========before========
arg: com.marcnuri.demo.springmockmvc.User@20
========before========
========after========
arg: com.marcnuri.demo.springmockmvc.User@20
========after========
========after========
========after========
========after========
========after========
========after========
========after========
========after========
========after========
========after========
========before========
========after========
arg: com.marcnuri.demo.springmockmvc.User@21
========after========
========after========
========after========
========after========
========after========
========after========
========after========
========after========
========after========
========after========
========before========
========before========
========before========
========after========
arg: com.marcnuri.demo.springmockmvc.User@20
========before========
arg: com.marcnuri.demo.springmockmvc.User@20
arg: com.marcnuri.demo.springmockmvc.User@20
========before========
arg: com.marcnuri.demo.springmockmvc.User@21
========after========
========before========
========before========
========before========
========before========
========before========
arg: com.marcnuri.demo.springmockmvc.User@21
arg: com.marcnuri.demo.springmockmvc.User@21
========after========
========before========
arg: com.marcnuri.demo.springmockmvc.User@20
========after========
========before========
========after========
arg: com.marcnuri.demo.springmockmvc.User@20
arg: com.marcnuri.demo.springmockmvc.User@21
========before========
========after========
========before========
========after========
========before========
========before========
========before========
arg: com.marcnuri.demo.springmockmvc.User@20
arg: com.marcnuri.demo.springmockmvc.User@21
arg: com.marcnuri.demo.springmockmvc.User@20
arg: com.marcnuri.demo.springmockmvc.User@21
========after========
========after========
========after========
========after========
========before========
arg: com.marcnuri.demo.springmockmvc.User@21
arg: com.marcnuri.demo.springmockmvc.User@20
========before========
========after========
arg: com.marcnuri.demo.springmockmvc.User@20
========after========
========after========
========before========
========before========
arg: com.marcnuri.demo.springmockmvc.User@20
========after========
========before========
arg: com.marcnuri.demo.springmockmvc.User@20
========before========
========before========
========before========
========before========
arg: com.marcnuri.demo.springmockmvc.User@20
========after========
========after========
========after========
========before========
========before========
arg: com.marcnuri.demo.springmockmvc.User@21
========after========
========after========
========before========
========after========
========after========
========after========
========after========
========after========
arg: com.marcnuri.demo.springmockmvc.User@20
========before========
arg: com.marcnuri.demo.springmockmvc.User@21
========after========
========before========
========after========
========after========
arg: com.marcnuri.demo.springmockmvc.User@21
========before========
========before========
========before========
========before========
========before========
========after========
========after========
========before========
========before========
========before========
========before========
========before========
arg: com.marcnuri.demo.springmockmvc.User@20
arg: com.marcnuri.demo.springmockmvc.User@20
arg: com.marcnuri.demo.springmockmvc.User@21
arg: com.marcnuri.demo.springmockmvc.User@21
========before========
========before========
========before========
========before========
========before========
========before========
========before========
========before========
========before========
arg: com.marcnuri.demo.springmockmvc.User@21
arg: com.marcnuri.demo.springmockmvc.User@20
========after========
========before========
========after========
========before========
========before========
========before========
========before========
arg: com.marcnuri.demo.springmockmvc.User@21
arg: com.marcnuri.demo.springmockmvc.User@21
arg: com.marcnuri.demo.springmockmvc.User@21
========after========
========after========
========after========
arg: com.marcnuri.demo.springmockmvc.User@20
arg: com.marcnuri.demo.springmockmvc.User@21
========after========
arg: com.marcnuri.demo.springmockmvc.User@21
arg: com.marcnuri.demo.springmockmvc.User@20
========after========
========after========
========after========
========after========
========after========
========before========
arg: com.marcnuri.demo.springmockmvc.User@21
arg: com.marcnuri.demo.springmockmvc.User@20
========after========
arg: com.marcnuri.demo.springmockmvc.User@21
arg: com.marcnuri.demo.springmockmvc.User@20
arg: com.marcnuri.demo.springmockmvc.User@21
========after========
arg: com.marcnuri.demo.springmockmvc.User@21
========after========
arg: com.marcnuri.demo.springmockmvc.User@20
arg: com.marcnuri.demo.springmockmvc.User@20
========after========
========after========
arg: com.marcnuri.demo.springmockmvc.User@21
========after========
========after========
arg: com.marcnuri.demo.springmockmvc.User@20
arg: com.marcnuri.demo.springmockmvc.User@20
========after========
arg: com.marcnuri.demo.springmockmvc.User@21
arg: com.marcnuri.demo.springmockmvc.User@20
arg: com.marcnuri.demo.springmockmvc.User@20
========after========
========after========
========after========
========after========
arg: com.marcnuri.demo.springmockmvc.User@20
========after========
========after========
========after========
========before========
========after========
arg: com.marcnuri.demo.springmockmvc.User@20
========after========
========after========
arg: com.marcnuri.demo.springmockmvc.User@20
========after========
========after========
========after========
arg: com.marcnuri.demo.springmockmvc.User@21
arg: com.marcnuri.demo.springmockmvc.User@20
arg: com.marcnuri.demo.springmockmvc.User@21
========after========
========after========
========after========
========before========
arg: com.marcnuri.demo.springmockmvc.User@20
========after========
========after========
========before========
========before========
arg: com.marcnuri.demo.springmockmvc.User@20
arg: com.marcnuri.demo.springmockmvc.User@21
========before========
========before========
========after========
arg: com.marcnuri.demo.springmockmvc.User@20
========before========
========after========
========before========
========before========
========before========
========after========
arg: com.marcnuri.demo.springmockmvc.User@21
arg: com.marcnuri.demo.springmockmvc.User@20
========after========
arg: com.marcnuri.demo.springmockmvc.User@21
========after========
========after========
========before========
========before========
========before========
arg: com.marcnuri.demo.springmockmvc.User@21
========before========
arg: com.marcnuri.demo.springmockmvc.User@20
========after========
arg: com.marcnuri.demo.springmockmvc.User@21
========before========
========after========
========before========
========before========
========after========
arg: com.marcnuri.demo.springmockmvc.User@21
arg: com.marcnuri.demo.springmockmvc.User@21
arg: com.marcnuri.demo.springmockmvc.User@21
========after========
========before========
========after========
========before========
========after========
arg: com.marcnuri.demo.springmockmvc.User@20
arg: com.marcnuri.demo.springmockmvc.User@20
========after========
========after========
arg: com.marcnuri.demo.springmockmvc.User@21
========after========
========before========
arg: com.marcnuri.demo.springmockmvc.User@21
========before========
========before========
========before========
arg: com.marcnuri.demo.springmockmvc.User@21
========after========
========before========
arg: com.marcnuri.demo.springmockmvc.User@20
========before========
arg: com.marcnuri.demo.springmockmvc.User@21
========after========
arg: com.marcnuri.demo.springmockmvc.User@21
========before========
========after========
========before========
arg: com.marcnuri.demo.springmockmvc.User@21
========before========
========before========
arg: com.marcnuri.demo.springmockmvc.User@20
========after========
========before========
arg: com.marcnuri.demo.springmockmvc.User@20
arg: com.marcnuri.demo.springmockmvc.User@21
========after========
========after========
========before========
========before========
========before========
arg: com.marcnuri.demo.springmockmvc.User@21
arg: com.marcnuri.demo.springmockmvc.User@21
========after========
========before========
arg: com.marcnuri.demo.springmockmvc.User@21
========after========
arg: com.marcnuri.demo.springmockmvc.User@21
========after========
========after========
arg: com.marcnuri.demo.springmockmvc.User@21
========after========
========before========
arg: com.marcnuri.demo.springmockmvc.User@20
========before========
========after========
arg: com.marcnuri.demo.springmockmvc.User@21
arg: com.marcnuri.demo.springmockmvc.User@20
========after========
========before========
========after========
========after========
========before========
========before========
arg: com.marcnuri.demo.springmockmvc.User@21
========before========
========after========
arg: com.marcnuri.demo.springmockmvc.User@21
========before========
arg: com.marcnuri.demo.springmockmvc.User@21
========before========
========after========
========before========
arg: com.marcnuri.demo.springmockmvc.User@20
arg: com.marcnuri.demo.springmockmvc.User@20
========before========
========after========
========before========
arg: com.marcnuri.demo.springmockmvc.User@21
========before========
arg: com.marcnuri.demo.springmockmvc.User@21
========after========
========after========
arg: com.marcnuri.demo.springmockmvc.User@20
========before========
========after========
arg: com.marcnuri.demo.springmockmvc.User@20
========before========
========before========
arg: com.marcnuri.demo.springmockmvc.User@21
========after========
========after========
arg: com.marcnuri.demo.springmockmvc.User@21
========before========
========after========
arg: com.marcnuri.demo.springmockmvc.User@21
arg: com.marcnuri.demo.springmockmvc.User@21
========after========
========before========
========after========
arg: com.marcnuri.demo.springmockmvc.User@21
========after========
========before========
========before========
========before========
arg: com.marcnuri.demo.springmockmvc.User@21
arg: com.marcnuri.demo.springmockmvc.User@21
========before========
========after========
========after========
========after========
arg: com.marcnuri.demo.springmockmvc.User@20
========after========
========after========
========before========
========before========
arg: com.marcnuri.demo.springmockmvc.User@21
========after========
========after========
========after========
========before========
========before========
========before========
arg: com.marcnuri.demo.springmockmvc.User@21
arg: com.marcnuri.demo.springmockmvc.User@20
arg: com.marcnuri.demo.springmockmvc.User@20
========after========
========after========
========after========
========before========
========before========
arg: com.marcnuri.demo.springmockmvc.User@21
arg: com.marcnuri.demo.springmockmvc.User@20
========before========
========after========
========after========
arg: com.marcnuri.demo.springmockmvc.User@21
arg: com.marcnuri.demo.springmockmvc.User@21
========before========
========after========
========after========
arg: com.marcnuri.demo.springmockmvc.User@21
========after========
========before========
========before========
arg: com.marcnuri.demo.springmockmvc.User@20
arg: com.marcnuri.demo.springmockmvc.User@20
========before========
arg: com.marcnuri.demo.springmockmvc.User@20
========after========
arg: com.marcnuri.demo.springmockmvc.User@20
========after========
========before========
========after========
arg: com.marcnuri.demo.springmockmvc.User@21
========after========
========before========
========after========
arg: com.marcnuri.demo.springmockmvc.User@20
========after========
========before========
========before========
arg: com.marcnuri.demo.springmockmvc.User@21
========after========
========before========
arg: com.marcnuri.demo.springmockmvc.User@21
arg: com.marcnuri.demo.springmockmvc.User@20
========after========
========before========
========before========
========after========
arg: com.marcnuri.demo.springmockmvc.User@20
arg: com.marcnuri.demo.springmockmvc.User@21
========before========
========after========
========after========
arg: com.marcnuri.demo.springmockmvc.User@20
========after========
arg: com.marcnuri.demo.springmockmvc.User@20
========before========
========after========
========before========
arg: com.marcnuri.demo.springmockmvc.User@21
========before========
========after========
arg: com.marcnuri.demo.springmockmvc.User@21
========before========
========after========
========before========
arg: com.marcnuri.demo.springmockmvc.User@21
========after========
========before========
========before========
arg: com.marcnuri.demo.springmockmvc.User@21
arg: com.marcnuri.demo.springmockmvc.User@20
========after========
========before========
========after========
arg: com.marcnuri.demo.springmockmvc.User@21
========after========
========before========
========before========
========after========
arg: com.marcnuri.demo.springmockmvc.User@20
arg: com.marcnuri.demo.springmockmvc.User@21
========after========
========after========
========before========
arg: com.marcnuri.demo.springmockmvc.User@20
========after========
========before========
========after========
========before========
arg: com.marcnuri.demo.springmockmvc.User@21
========before========
arg: com.marcnuri.demo.springmockmvc.User@21
========after========
arg: com.marcnuri.demo.springmockmvc.User@21
arg: com.marcnuri.demo.springmockmvc.User@21
========after========
========after========
========before========
arg: com.marcnuri.demo.springmockmvc.User@20
arg: com.marcnuri.demo.springmockmvc.User@21
========before========
========after========
========before========
arg: com.marcnuri.demo.springmockmvc.User@20
========before========
========after========
========before========
arg: com.marcnuri.demo.springmockmvc.User@21
arg: com.marcnuri.demo.springmockmvc.User@21
========after========
========before========
========after========
arg: com.marcnuri.demo.springmockmvc.User@20
========before========
========before========
========after========
========before========
arg: com.marcnuri.demo.springmockmvc.User@20
arg: com.marcnuri.demo.springmockmvc.User@20
========before========
========after========
========after========
arg: com.marcnuri.demo.springmockmvc.User@21
========before========
========after========
arg: com.marcnuri.demo.springmockmvc.User@21
========after========
========before========
========before========
========before========
========before========
arg: com.marcnuri.demo.springmockmvc.User@21
========before========
========before========
========after========
arg: com.marcnuri.demo.springmockmvc.User@21
========before========
arg: com.marcnuri.demo.springmockmvc.User@20
========after========
========after========
arg: com.marcnuri.demo.springmockmvc.User@20
========after========
========before========
========before========
arg: com.marcnuri.demo.springmockmvc.User@20
========before========
arg: com.marcnuri.demo.springmockmvc.User@21
========before========
arg: com.marcnuri.demo.springmockmvc.User@21
========before========
arg: com.marcnuri.demo.springmockmvc.User@21
arg: com.marcnuri.demo.springmockmvc.User@21
arg: com.marcnuri.demo.springmockmvc.User@20
========after========
arg: com.marcnuri.demo.springmockmvc.User@20
========after========
========after========
========after========
========after========
========after========
========before========
arg: com.marcnuri.demo.springmockmvc.User@21
========after========
========before========
========after========
========before========
arg: com.marcnuri.demo.springmockmvc.User@21
========before========
========before========
arg: com.marcnuri.demo.springmockmvc.User@20
arg: com.marcnuri.demo.springmockmvc.User@21
arg: com.marcnuri.demo.springmockmvc.User@21
========after========
========before========
========after========
========before========
========after========
arg: com.marcnuri.demo.springmockmvc.User@20
arg: com.marcnuri.demo.springmockmvc.User@20
========after========
========after========
========before========
========before========
arg: com.marcnuri.demo.springmockmvc.User@21
arg: com.marcnuri.demo.springmockmvc.User@21
========after========
arg: com.marcnuri.demo.springmockmvc.User@20
========before========
========before========
arg: com.marcnuri.demo.springmockmvc.User@21
arg: com.marcnuri.demo.springmockmvc.User@20
========after========
arg: com.marcnuri.demo.springmockmvc.User@21
========after========
========after========
========after========
========before========
arg: com.marcnuri.demo.springmockmvc.User@21
arg: com.marcnuri.demo.springmockmvc.User@20
========before========
========before========
========after========
arg: com.marcnuri.demo.springmockmvc.User@20
========after========
arg: com.marcnuri.demo.springmockmvc.User@21
========after========
========after========
========before========
========before========
arg: com.marcnuri.demo.springmockmvc.User@20
========after========
arg: com.marcnuri.demo.springmockmvc.User@20
========before========
========before========
arg: com.marcnuri.demo.springmockmvc.User@20
arg: com.marcnuri.demo.springmockmvc.User@21
========before========
========after========
========after========
========after========
========before========
arg: com.marcnuri.demo.springmockmvc.User@21
========before========
========after========
========before========
arg: com.marcnuri.demo.springmockmvc.User@20
arg: com.marcnuri.demo.springmockmvc.User@21
========after========
========after========
========before========
========before========
arg: com.marcnuri.demo.springmockmvc.User@20
arg: com.marcnuri.demo.springmockmvc.User@20
========after========
========after========
========before========
arg: com.marcnuri.demo.springmockmvc.User@21
========after========
========before========
========before========
========before========
arg: com.marcnuri.demo.springmockmvc.User@21
arg: com.marcnuri.demo.springmockmvc.User@20
========after========
========after========
========before========
========before========
========before========
arg: com.marcnuri.demo.springmockmvc.User@21
arg: com.marcnuri.demo.springmockmvc.User@21
arg: com.marcnuri.demo.springmockmvc.User@21
========after========
========after========
========before========
========after========
arg: com.marcnuri.demo.springmockmvc.User@21
========before========
========before========
arg: com.marcnuri.demo.springmockmvc.User@20
arg: com.marcnuri.demo.springmockmvc.User@20
========before========
========before========
========after========
arg: com.marcnuri.demo.springmockmvc.User@20
arg: com.marcnuri.demo.springmockmvc.User@21
========before========
========after========
========before========
arg: com.marcnuri.demo.springmockmvc.User@20
========after========
arg: com.marcnuri.demo.springmockmvc.User@21
arg: com.marcnuri.demo.springmockmvc.User@21
========after========
========before========
========after========
========before========
========after========
========before========
arg: com.marcnuri.demo.springmockmvc.User@21
========after========
========before========
arg: com.marcnuri.demo.springmockmvc.User@20
arg: com.marcnuri.demo.springmockmvc.User@21
========after========
========before========
========before========
========before========
arg: com.marcnuri.demo.springmockmvc.User@20
arg: com.marcnuri.demo.springmockmvc.User@20
arg: com.marcnuri.demo.springmockmvc.User@21
========after========
========before========
========after========
========after========
arg: com.marcnuri.demo.springmockmvc.User@20
========after========
========before========
========before========
========before========
arg: com.marcnuri.demo.springmockmvc.User@20
arg: com.marcnuri.demo.springmockmvc.User@21
========before========
========after========
========after========
arg: com.marcnuri.demo.springmockmvc.User@20
========before========
========before========
========after========
arg: com.marcnuri.demo.springmockmvc.User@20
========before========
========after========
arg: com.marcnuri.demo.springmockmvc.User@21
========before========
========after========
arg: com.marcnuri.demo.springmockmvc.User@21
arg: com.marcnuri.demo.springmockmvc.User@20
========after========
========after========
========after========
========after========
========before========
========before========
arg: com.marcnuri.demo.springmockmvc.User@20
arg: com.marcnuri.demo.springmockmvc.User@21
========after========
========before========
========before========
========before========
========before========
arg: com.marcnuri.demo.springmockmvc.User@21
========before========
arg: com.marcnuri.demo.springmockmvc.User@20
arg: com.marcnuri.demo.springmockmvc.User@21
========before========
========after========
arg: com.marcnuri.demo.springmockmvc.User@21
========after========
========after========
========before========
========after========
arg: com.marcnuri.demo.springmockmvc.User@20
========before========
========after========
========before========
arg: com.marcnuri.demo.springmockmvc.User@20
arg: com.marcnuri.demo.springmockmvc.User@20
========after========
========after========
arg: com.marcnuri.demo.springmockmvc.User@20
========before========
========before========
========before========
========before========
arg: com.marcnuri.demo.springmockmvc.User@21
arg: com.marcnuri.demo.springmockmvc.User@21
========before========
arg: com.marcnuri.demo.springmockmvc.User@20
========after========
arg: com.marcnuri.demo.springmockmvc.User@21
========after========
========after========
========after========
========before========
arg: com.marcnuri.demo.springmockmvc.User@20
========before========
arg: com.marcnuri.demo.springmockmvc.User@20
========after========
========after========
========before========
arg: com.marcnuri.demo.springmockmvc.User@21
========after========
========before========
arg: com.marcnuri.demo.springmockmvc.User@21
========after========
arg: com.marcnuri.demo.springmockmvc.User@20
========after========
========after========
========before========
========before========
========after========
========before========
arg: com.marcnuri.demo.springmockmvc.User@21
arg: com.marcnuri.demo.springmockmvc.User@20
========after========
========after========
arg: com.marcnuri.demo.springmockmvc.User@21
========before========
========after========
arg: com.marcnuri.demo.springmockmvc.User@20
arg: com.marcnuri.demo.springmockmvc.User@20
========after========
========after========
========before========
arg: com.marcnuri.demo.springmockmvc.User@21
========before========
========after========
========before========
arg: com.marcnuri.demo.springmockmvc.User@21
========before========
arg: com.marcnuri.demo.springmockmvc.User@21
========after========
========after========
arg: com.marcnuri.demo.springmockmvc.User@21
arg: com.marcnuri.demo.springmockmvc.User@21
========after========
========before========
arg: com.marcnuri.demo.springmockmvc.User@21
========after========
========after========
========before========
arg: com.marcnuri.demo.springmockmvc.User@20
========after========
========before========
arg: com.marcnuri.demo.springmockmvc.User@20
========after========
========before========
========before========
========before========
arg: com.marcnuri.demo.springmockmvc.User@20
arg: com.marcnuri.demo.springmockmvc.User@20
========after========
========after========
arg: com.marcnuri.demo.springmockmvc.User@21
========after========
========before========
========before========
arg: com.marcnuri.demo.springmockmvc.User@21
========after========
========after========
========after========
========before========
arg: com.marcnuri.demo.springmockmvc.User@21
========before========
========after========
arg: com.marcnuri.demo.springmockmvc.User@20
========after========
========before========
arg: com.marcnuri.demo.springmockmvc.User@20
========after========
arg: com.marcnuri.demo.springmockmvc.User@21
arg: com.marcnuri.demo.springmockmvc.User@20
========after========
========before========
arg: com.marcnuri.demo.springmockmvc.User@21
========after========
========before========
========before========
========before========
arg: com.marcnuri.demo.springmockmvc.User@20
========after========
========after========
========before========
========after========
arg: com.marcnuri.demo.springmockmvc.User@21
========after========
========before========
========before========
========before========
arg: com.marcnuri.demo.springmockmvc.User@20
arg: com.marcnuri.demo.springmockmvc.User@21
========after========
========after========
========before========
========before========
arg: com.marcnuri.demo.springmockmvc.User@21
arg: com.marcnuri.demo.springmockmvc.User@21
========after========
arg: com.marcnuri.demo.springmockmvc.User@20
arg: com.marcnuri.demo.springmockmvc.User@20
========after========
========before========
========after========
arg: com.marcnuri.demo.springmockmvc.User@21
========after========
========after========
========before========
========before========
arg: com.marcnuri.demo.springmockmvc.User@21
arg: com.marcnuri.demo.springmockmvc.User@21
========after========
========after========
========before========
========before========
arg: com.marcnuri.demo.springmockmvc.User@21
arg: com.marcnuri.demo.springmockmvc.User@21
========after========
========after========
========before========
arg: com.marcnuri.demo.springmockmvc.User@21
========after========
========before========
========before========
arg: com.marcnuri.demo.springmockmvc.User@20
arg: com.marcnuri.demo.springmockmvc.User@21
arg: com.marcnuri.demo.springmockmvc.User@20
========after========
========after========
========after========
========before========
========before========
arg: com.marcnuri.demo.springmockmvc.User@21
========after========
arg: com.marcnuri.demo.springmockmvc.User@20
========after========
========before========
arg: com.marcnuri.demo.springmockmvc.User@21
========after========
========before========
arg: com.marcnuri.demo.springmockmvc.User@21
========after========
========before========
arg: com.marcnuri.demo.springmockmvc.User@21
========before========
========after========
arg: com.marcnuri.demo.springmockmvc.User@20
========after========
========before========
arg: com.marcnuri.demo.springmockmvc.User@21
========after========
========before========
arg: com.marcnuri.demo.springmockmvc.User@21
========before========
========after========
arg: com.marcnuri.demo.springmockmvc.User@21
========before========
========after========
arg: com.marcnuri.demo.springmockmvc.User@20
========after========
arg: com.marcnuri.demo.springmockmvc.User@20
========before========
========after========
arg: com.marcnuri.demo.springmockmvc.User@20
========after========
========before========
arg: com.marcnuri.demo.springmockmvc.User@21
========after========
========before========
========before========
arg: com.marcnuri.demo.springmockmvc.User@21
arg: com.marcnuri.demo.springmockmvc.User@20
========after========
========before========
arg: com.marcnuri.demo.springmockmvc.User@21
========before========
arg: com.marcnuri.demo.springmockmvc.User@20
========before========
arg: com.marcnuri.demo.springmockmvc.User@20
arg: com.marcnuri.demo.springmockmvc.User@20
========after========
arg: com.marcnuri.demo.springmockmvc.User@21
========after========
========after========
========after========
========before========
========before========
========before========
arg: com.marcnuri.demo.springmockmvc.User@20
arg: com.marcnuri.demo.springmockmvc.User@21
arg: com.marcnuri.demo.springmockmvc.User@21
arg: com.marcnuri.demo.springmockmvc.User@20
========after========
========after========
========after========
========after========
========after========
========before========
arg: com.marcnuri.demo.springmockmvc.User@20
========before========
========after========
========after========
arg: com.marcnuri.demo.springmockmvc.User@20
========after========
========before========
arg: com.marcnuri.demo.springmockmvc.User@21
========after========
========before========
arg: com.marcnuri.demo.springmockmvc.User@21
========after========
========after========
========before========
arg: com.marcnuri.demo.springmockmvc.User@20
========after========
========before========
arg: com.marcnuri.demo.springmockmvc.User@21
========before========
========after========
arg: com.marcnuri.demo.springmockmvc.User@21
========before========
========after========
========after========
========before========
========before========
arg: com.marcnuri.demo.springmockmvc.User@20
arg: com.marcnuri.demo.springmockmvc.User@21
========after========
========before========
arg: com.marcnuri.demo.springmockmvc.User@21
========after========
========before========
arg: com.marcnuri.demo.springmockmvc.User@21
========before========
arg: com.marcnuri.demo.springmockmvc.User@21
========after========
========before========
arg: com.marcnuri.demo.springmockmvc.User@20
========after========
========before========
========before========
arg: com.marcnuri.demo.springmockmvc.User@20
arg: com.marcnuri.demo.springmockmvc.User@20
========after========
========after========
========after========
========before========
arg: com.marcnuri.demo.springmockmvc.User@21
========before========
========after========
arg: com.marcnuri.demo.springmockmvc.User@20
========before========
========after========
arg: com.marcnuri.demo.springmockmvc.User@20
========after========
========before========
arg: com.marcnuri.demo.springmockmvc.User@20
========after========
arg: com.marcnuri.demo.springmockmvc.User@20
========before========
========before========
========before========
arg: com.marcnuri.demo.springmockmvc.User@21
========after========
arg: com.marcnuri.demo.springmockmvc.User@21
========after========
========after========
========before========
arg: com.marcnuri.demo.springmockmvc.User@21
========after========
========before========
arg: com.marcnuri.demo.springmockmvc.User@21
========after========
========before========
========after========
arg: com.marcnuri.demo.springmockmvc.User@20
========before========
arg: com.marcnuri.demo.springmockmvc.User@21
========before========
arg: com.marcnuri.demo.springmockmvc.User@21
========before========
arg: com.marcnuri.demo.springmockmvc.User@20
========before========
========before========
arg: com.marcnuri.demo.springmockmvc.User@21
arg: com.marcnuri.demo.springmockmvc.User@21
arg: com.marcnuri.demo.springmockmvc.User@20
========after========
========after========
========after========
========after========
========before========
arg: com.marcnuri.demo.springmockmvc.User@20
========after========
========after========
========before========
========before========
arg: com.marcnuri.demo.springmockmvc.User@20
========after========
arg: com.marcnuri.demo.springmockmvc.User@20
========after========
========before========
========before========
arg: com.marcnuri.demo.springmockmvc.User@20
========after========
========before========
arg: com.marcnuri.demo.springmockmvc.User@21
========before========
========after========
========before========
arg: com.marcnuri.demo.springmockmvc.User@21
========before========
arg: com.marcnuri.demo.springmockmvc.User@20
========before========
========after========
========after========
========before========
arg: com.marcnuri.demo.springmockmvc.User@20
========after========
========before========
arg: com.marcnuri.demo.springmockmvc.User@21
arg: com.marcnuri.demo.springmockmvc.User@21
========after========
========after========
========after========
========before========
arg: com.marcnuri.demo.springmockmvc.User@21
========after========
========before========
========before========
arg: com.marcnuri.demo.springmockmvc.User@21
arg: com.marcnuri.demo.springmockmvc.User@21
========after========
========before========
arg: com.marcnuri.demo.springmockmvc.User@20
========before========
========after========
arg: com.marcnuri.demo.springmockmvc.User@21
========after========
========before========
========before========
========before========
arg: com.marcnuri.demo.springmockmvc.User@20
arg: com.marcnuri.demo.springmockmvc.User@21
========before========
========after========
arg: com.marcnuri.demo.springmockmvc.User@20
========after========
arg: com.marcnuri.demo.springmockmvc.User@21
========before========
arg: com.marcnuri.demo.springmockmvc.User@20
========after========
========after========
========before========
arg: com.marcnuri.demo.springmockmvc.User@20
========after========
arg: com.marcnuri.demo.springmockmvc.User@20
========after========
========before========
arg: com.marcnuri.demo.springmockmvc.User@20
========after========
========before========
arg: com.marcnuri.demo.springmockmvc.User@20
========after========
========before========
arg: com.marcnuri.demo.springmockmvc.User@21
========before========
========after========
========after========
========before========
========before========
arg: com.marcnuri.demo.springmockmvc.User@20
arg: com.marcnuri.demo.springmockmvc.User@21
========after========
========after========
arg: com.marcnuri.demo.springmockmvc.User@21
========after========
========before========
arg: com.marcnuri.demo.springmockmvc.User@20
========after========
========after========
========after========
========before========
========before========
arg: com.marcnuri.demo.springmockmvc.User@20
arg: com.marcnuri.demo.springmockmvc.User@21
arg: com.marcnuri.demo.springmockmvc.User@21
========after========
========after========
========after========
========before========
========before========
arg: com.marcnuri.demo.springmockmvc.User@20
========before========
arg: com.marcnuri.demo.springmockmvc.User@21
========after========
========before========
arg: com.marcnuri.demo.springmockmvc.User@21
========after========
========before========
========before========
arg: com.marcnuri.demo.springmockmvc.User@21
arg: com.marcnuri.demo.springmockmvc.User@21
========after========
========before========
arg: com.marcnuri.demo.springmockmvc.User@21
arg: com.marcnuri.demo.springmockmvc.User@20
========after========
========before========
========before========
========before========
========after========
arg: com.marcnuri.demo.springmockmvc.User@21
arg: com.marcnuri.demo.springmockmvc.User@20
arg: com.marcnuri.demo.springmockmvc.User@20
========after========
========after========
========after========
========before========
========before========
arg: com.marcnuri.demo.springmockmvc.User@21
========after========
========before========
========before========
========before========
arg: com.marcnuri.demo.springmockmvc.User@21
arg: com.marcnuri.demo.springmockmvc.User@21
========after========
========after========
========after========
========after========
arg: com.marcnuri.demo.springmockmvc.User@20
========after========
arg: com.marcnuri.demo.springmockmvc.User@20
========before========
========after========
arg: com.marcnuri.demo.springmockmvc.User@21
========after========
========before========
arg: com.marcnuri.demo.springmockmvc.User@20
========after========
========before========
========before========
arg: com.marcnuri.demo.springmockmvc.User@20
arg: com.marcnuri.demo.springmockmvc.User@21
========after========
========after========
========before========
arg: com.marcnuri.demo.springmockmvc.User@20
========before========
========after========
arg: com.marcnuri.demo.springmockmvc.User@20
========before========
========after========
arg: com.marcnuri.demo.springmockmvc.User@21
========after========
========before========
arg: com.marcnuri.demo.springmockmvc.User@21
========after========
========before========
========before========
========before========
========before========
arg: com.marcnuri.demo.springmockmvc.User@21
arg: com.marcnuri.demo.springmockmvc.User@21
========before========
arg: com.marcnuri.demo.springmockmvc.User@21
========after========
arg: com.marcnuri.demo.springmockmvc.User@20
========after========
========after========
========before========
========before========
arg: com.marcnuri.demo.springmockmvc.User@21
arg: com.marcnuri.demo.springmockmvc.User@20
========after========
========after========
arg: com.marcnuri.demo.springmockmvc.User@20
========after========
========before========
arg: com.marcnuri.demo.springmockmvc.User@21
========after========
========after========
========before========
arg: com.marcnuri.demo.springmockmvc.User@20
========after========
========before========
========before========
arg: com.marcnuri.demo.springmockmvc.User@20
========after========
========before========
========before========
arg: com.marcnuri.demo.springmockmvc.User@20
arg: com.marcnuri.demo.springmockmvc.User@21
========after========
========before========
arg: com.marcnuri.demo.springmockmvc.User@21
========before========
arg: com.marcnuri.demo.springmockmvc.User@21
arg: com.marcnuri.demo.springmockmvc.User@20
========after========
========after========
========after========
========after========
========before========
arg: com.marcnuri.demo.springmockmvc.User@20
========after========
========before========
arg: com.marcnuri.demo.springmockmvc.User@20
========after========
========before========
arg: com.marcnuri.demo.springmockmvc.User@20
========after========
========before========
arg: com.marcnuri.demo.springmockmvc.User@20
========after========
========before========
arg: com.marcnuri.demo.springmockmvc.User@20
========after========
========before========
========before========
arg: com.marcnuri.demo.springmockmvc.User@20
arg: com.marcnuri.demo.springmockmvc.User@20
========after========
========after========
========before========
arg: com.marcnuri.demo.springmockmvc.User@21
========after========
========before========
========before========
arg: com.marcnuri.demo.springmockmvc.User@20
========after========
========before========
arg: com.marcnuri.demo.springmockmvc.User@20
========after========
========before========
arg: com.marcnuri.demo.springmockmvc.User@21
========after========
========before========
arg: com.marcnuri.demo.springmockmvc.User@20
========before========
========after========
arg: com.marcnuri.demo.springmockmvc.User@20
========after========
========before========
arg: com.marcnuri.demo.springmockmvc.User@21
========after========
========before========
========before========
arg: com.marcnuri.demo.springmockmvc.User@20
========before========
arg: com.marcnuri.demo.springmockmvc.User@20
========after========
========before========
arg: com.marcnuri.demo.springmockmvc.User@20
========after========
========before========
========before========
========before========
arg: com.marcnuri.demo.springmockmvc.User@20
arg: com.marcnuri.demo.springmockmvc.User@21
arg: com.marcnuri.demo.springmockmvc.User@21
========after========
========after========
========after========
========before========
arg: com.marcnuri.demo.springmockmvc.User@20
========after========
========before========
arg: com.marcnuri.demo.springmockmvc.User@21
========before========
arg: com.marcnuri.demo.springmockmvc.User@20
========after========
========before========
========after========
========after========
========before========
arg: com.marcnuri.demo.springmockmvc.User@20
========after========
========before========
arg: com.marcnuri.demo.springmockmvc.User@21
========after========
arg: com.marcnuri.demo.springmockmvc.User@21
========after========
========before========
arg: com.marcnuri.demo.springmockmvc.User@21
========after========
========before========
arg: com.marcnuri.demo.springmockmvc.User@21
========before========
========before========
arg: com.marcnuri.demo.springmockmvc.User@21
========after========
========before========
arg: com.marcnuri.demo.springmockmvc.User@20
arg: com.marcnuri.demo.springmockmvc.User@21
========after========
arg: com.marcnuri.demo.springmockmvc.User@21
========before========
========after========
arg: com.marcnuri.demo.springmockmvc.User@21
========after========
========before========
arg: com.marcnuri.demo.springmockmvc.User@20
========after========
arg: com.marcnuri.demo.springmockmvc.User@20
========after========
========after========
========before========
arg: com.marcnuri.demo.springmockmvc.User@21
========after========
========before========
arg: com.marcnuri.demo.springmockmvc.User@21
========before========
========after========
arg: com.marcnuri.demo.springmockmvc.User@21
========after========
========before========
========before========
arg: com.marcnuri.demo.springmockmvc.User@20
arg: com.marcnuri.demo.springmockmvc.User@21
========after========
========after========
========before========
========after========
========before========
arg: com.marcnuri.demo.springmockmvc.User@21
========before========
========after========
========before========
arg: com.marcnuri.demo.springmockmvc.User@20
arg: com.marcnuri.demo.springmockmvc.User@20
========after========
========after========
========before========
arg: com.marcnuri.demo.springmockmvc.User@20
========after========
========before========
arg: com.marcnuri.demo.springmockmvc.User@21
========after========
arg: com.marcnuri.demo.springmockmvc.User@21
========before========
========after========
arg: com.marcnuri.demo.springmockmvc.User@21
========after========
========before========
arg: com.marcnuri.demo.springmockmvc.User@21
========after========
========before========
========before========
arg: com.marcnuri.demo.springmockmvc.User@20
arg: com.marcnuri.demo.springmockmvc.User@21
========before========
========before========
========after========
arg: com.marcnuri.demo.springmockmvc.User@21
arg: com.marcnuri.demo.springmockmvc.User@21
========after========
========before========
arg: com.marcnuri.demo.springmockmvc.User@21
========after========
========before========
arg: com.marcnuri.demo.springmockmvc.User@21
========after========
========before========
========before========
========before========
========after========
arg: com.marcnuri.demo.springmockmvc.User@20
arg: com.marcnuri.demo.springmockmvc.User@20
========after========
========after========
========after========
========before========
arg: com.marcnuri.demo.springmockmvc.User@20
========after========
========before========
arg: com.marcnuri.demo.springmockmvc.User@20
========after========
========before========
arg: com.marcnuri.demo.springmockmvc.User@21
========after========
========before========
========before========
arg: com.marcnuri.demo.springmockmvc.User@21
========after========
========before========
========before========
========before========
arg: com.marcnuri.demo.springmockmvc.User@20
arg: com.marcnuri.demo.springmockmvc.User@21
========before========
========after========
========before========
arg: com.marcnuri.demo.springmockmvc.User@21
arg: com.marcnuri.demo.springmockmvc.User@20
arg: com.marcnuri.demo.springmockmvc.User@21
========after========
========after========
arg: com.marcnuri.demo.springmockmvc.User@20
========after========
========before========
arg: com.marcnuri.demo.springmockmvc.User@20
========after========
========before========
arg: com.marcnuri.demo.springmockmvc.User@21
arg: com.marcnuri.demo.springmockmvc.User@20
========after========
========after========
========before========
========after========
========before========
arg: com.marcnuri.demo.springmockmvc.User@21
========after========
========after========
arg: com.marcnuri.demo.springmockmvc.User@21
========before========
========before========
========before========
========before========
arg: com.marcnuri.demo.springmockmvc.User@20
========before========
========after========
========after========
========before========
arg: com.marcnuri.demo.springmockmvc.User@21
arg: com.marcnuri.demo.springmockmvc.User@21
========after========
arg: com.marcnuri.demo.springmockmvc.User@21
arg: com.marcnuri.demo.springmockmvc.User@21
arg: com.marcnuri.demo.springmockmvc.User@21
========after========
========after========
========before========
arg: com.marcnuri.demo.springmockmvc.User@20
========after========
========after========
========before========
arg: com.marcnuri.demo.springmockmvc.User@21
========after========
========after========
========before========
arg: com.marcnuri.demo.springmockmvc.User@21
========after========
========before========
arg: com.marcnuri.demo.springmockmvc.User@21
========after========
========before========
arg: com.marcnuri.demo.springmockmvc.User@20
========after========
========before========
arg: com.marcnuri.demo.springmockmvc.User@20
========before========
========after========
arg: com.marcnuri.demo.springmockmvc.User@20
========after========
========before========
arg: com.marcnuri.demo.springmockmvc.User@20
========after========
========before========
arg: com.marcnuri.demo.springmockmvc.User@20
========before========
arg: com.marcnuri.demo.springmockmvc.User@21
========after========
========before========
arg: com.marcnuri.demo.springmockmvc.User@20
========before========
arg: com.marcnuri.demo.springmockmvc.User@21
========after========
========before========
arg: com.marcnuri.demo.springmockmvc.User@21
========after========
========after========
========before========
========before========
arg: com.marcnuri.demo.springmockmvc.User@21
========after========
arg: com.marcnuri.demo.springmockmvc.User@20
========after========
========after========
========before========
========before========
arg: com.marcnuri.demo.springmockmvc.User@21
arg: com.marcnuri.demo.springmockmvc.User@20
========before========
========after========
========after========
arg: com.marcnuri.demo.springmockmvc.User@21
========after========
========before========
arg: com.marcnuri.demo.springmockmvc.User@20
========after========
========before========
arg: com.marcnuri.demo.springmockmvc.User@21
========after========
========before========
========before========
arg: com.marcnuri.demo.springmockmvc.User@21
arg: com.marcnuri.demo.springmockmvc.User@20
========after========
========after========
========before========
arg: com.marcnuri.demo.springmockmvc.User@20
========after========
========before========
========before========
arg: com.marcnuri.demo.springmockmvc.User@21
arg: com.marcnuri.demo.springmockmvc.User@20
========after========
========after========
========before========
arg: com.marcnuri.demo.springmockmvc.User@20
========after========
========before========
========before========
arg: com.marcnuri.demo.springmockmvc.User@20
arg: com.marcnuri.demo.springmockmvc.User@20
========after========
========after========
========before========
arg: com.marcnuri.demo.springmockmvc.User@21
========after========
========before========
arg: com.marcnuri.demo.springmockmvc.User@20
========before========
arg: com.marcnuri.demo.springmockmvc.User@20
========after========
========after========
========before========
arg: com.marcnuri.demo.springmockmvc.User@20
========after========
========before========
========before========
arg: com.marcnuri.demo.springmockmvc.User@21
arg: com.marcnuri.demo.springmockmvc.User@21
========after========
========after========
========before========
arg: com.marcnuri.demo.springmockmvc.User@20
========after========
========before========
arg: com.marcnuri.demo.springmockmvc.User@20
========after========
========before========
========before========
arg: com.marcnuri.demo.springmockmvc.User@20
arg: com.marcnuri.demo.springmockmvc.User@21
========after========
========after========
========before========
arg: com.marcnuri.demo.springmockmvc.User@20
========after========
========before========
arg: com.marcnuri.demo.springmockmvc.User@21
========after========
========before========
========before========
========before========
arg: com.marcnuri.demo.springmockmvc.User@20
arg: com.marcnuri.demo.springmockmvc.User@20
arg: com.marcnuri.demo.springmockmvc.User@21
========after========
========after========
========after========
========before========
arg: com.marcnuri.demo.springmockmvc.User@20
========after========
========before========
arg: com.marcnuri.demo.springmockmvc.User@20
========after========
========before========
========before========
arg: com.marcnuri.demo.springmockmvc.User@21
========after========
arg: com.marcnuri.demo.springmockmvc.User@20
========after========
========before========
========before========
arg: com.marcnuri.demo.springmockmvc.User@21
arg: com.marcnuri.demo.springmockmvc.User@21
========after========
========after========
========before========
arg: com.marcnuri.demo.springmockmvc.User@20
========after========
========before========
========before========
========before========
arg: com.marcnuri.demo.springmockmvc.User@21
========after========
arg: com.marcnuri.demo.springmockmvc.User@21
========before========
arg: com.marcnuri.demo.springmockmvc.User@21
========after========
========after========
arg: com.marcnuri.demo.springmockmvc.User@20
========after========
========before========
========before========
arg: com.marcnuri.demo.springmockmvc.User@21
========after========
arg: com.marcnuri.demo.springmockmvc.User@20
========after========
========before========
arg: com.marcnuri.demo.springmockmvc.User@20
========after========
========before========
========before========
========before========
arg: com.marcnuri.demo.springmockmvc.User@20
arg: com.marcnuri.demo.springmockmvc.User@21
========after========
========after========
========before========
========before========
arg: com.marcnuri.demo.springmockmvc.User@21
arg: com.marcnuri.demo.springmockmvc.User@20
========after========
========after========
arg: com.marcnuri.demo.springmockmvc.User@21
========before========
arg: com.marcnuri.demo.springmockmvc.User@20
========after========
========before========
arg: com.marcnuri.demo.springmockmvc.User@20
========before========
========after========
arg: com.marcnuri.demo.springmockmvc.User@21
========after========
========before========
========before========
arg: com.marcnuri.demo.springmockmvc.User@21
arg: com.marcnuri.demo.springmockmvc.User@20
========after========
========before========
arg: com.marcnuri.demo.springmockmvc.User@21
========after========
========after========
========before========
arg: com.marcnuri.demo.springmockmvc.User@20
========after========
========after========
========before========
arg: com.marcnuri.demo.springmockmvc.User@21
========after========
========before========
arg: com.marcnuri.demo.springmockmvc.User@21
========after========
========before========
arg: com.marcnuri.demo.springmockmvc.User@20
========after========
========before========
arg: com.marcnuri.demo.springmockmvc.User@21
========after========
========before========
arg: com.marcnuri.demo.springmockmvc.User@21
========before========
========before========
========after========
arg: com.marcnuri.demo.springmockmvc.User@20
arg: com.marcnuri.demo.springmockmvc.User@20
========after========
========after========
========before========
arg: com.marcnuri.demo.springmockmvc.User@20
========after========
========before========
arg: com.marcnuri.demo.springmockmvc.User@20
========after========
========before========
arg: com.marcnuri.demo.springmockmvc.User@20
========after========
========before========
arg: com.marcnuri.demo.springmockmvc.User@21
========after========
========before========
arg: com.marcnuri.demo.springmockmvc.User@20
========after========
========before========
arg: com.marcnuri.demo.springmockmvc.User@21
========after========
========before========
========before========
arg: com.marcnuri.demo.springmockmvc.User@20
arg: com.marcnuri.demo.springmockmvc.User@20
========after========
========after========
========before========
arg: com.marcnuri.demo.springmockmvc.User@21
========after========
========before========
arg: com.marcnuri.demo.springmockmvc.User@20
========after========
========before========
arg: com.marcnuri.demo.springmockmvc.User@21
========after========
========before========
========before========
arg: com.marcnuri.demo.springmockmvc.User@21
========before========
arg: com.marcnuri.demo.springmockmvc.User@21
========after========
arg: com.marcnuri.demo.springmockmvc.User@20
========after========
========after========
========before========
arg: com.marcnuri.demo.springmockmvc.User@20
========after========
========before========
arg: com.marcnuri.demo.springmockmvc.User@20
========after========
========before========
========before========
arg: com.marcnuri.demo.springmockmvc.User@20
arg: com.marcnuri.demo.springmockmvc.User@21
========after========
========after========
========before========
========before========
========before========
arg: com.marcnuri.demo.springmockmvc.User@21
arg: com.marcnuri.demo.springmockmvc.User@20
========after========
========before========
========after========
arg: com.marcnuri.demo.springmockmvc.User@21
arg: com.marcnuri.demo.springmockmvc.User@21
========after========
========after========
========before========
arg: com.marcnuri.demo.springmockmvc.User@20
========after========
========before========
========before========
========before========
arg: com.marcnuri.demo.springmockmvc.User@21
========before========
arg: com.marcnuri.demo.springmockmvc.User@21
========after========
========before========
========after========
arg: com.marcnuri.demo.springmockmvc.User@21
arg: com.marcnuri.demo.springmockmvc.User@21
========after========
========after========
arg: com.marcnuri.demo.springmockmvc.User@20
========before========
========before========
arg: com.marcnuri.demo.springmockmvc.User@21
========after========
========after========
arg: com.marcnuri.demo.springmockmvc.User@20
========after========
========before========
========before========
arg: com.marcnuri.demo.springmockmvc.User@20
arg: com.marcnuri.demo.springmockmvc.User@21
========after========
========before========
========after========
arg: com.marcnuri.demo.springmockmvc.User@20
========after========
========before========
arg: com.marcnuri.demo.springmockmvc.User@21
========after========
========before========
arg: com.marcnuri.demo.springmockmvc.User@21
========after========
========before========
========before========
arg: com.marcnuri.demo.springmockmvc.User@21
========after========
arg: com.marcnuri.demo.springmockmvc.User@20
========after========
========before========
arg: com.marcnuri.demo.springmockmvc.User@21
========after========
========before========
arg: com.marcnuri.demo.springmockmvc.User@20
========after========
========before========
arg: com.marcnuri.demo.springmockmvc.User@20
========after========
========before========
arg: com.marcnuri.demo.springmockmvc.User@20
========after========
========before========
arg: com.marcnuri.demo.springmockmvc.User@20
========before========
========after========
arg: com.marcnuri.demo.springmockmvc.User@20
========before========
========after========
arg: com.marcnuri.demo.springmockmvc.User@20
========after========
========before========
arg: com.marcnuri.demo.springmockmvc.User@21
========after========
========before========
arg: com.marcnuri.demo.springmockmvc.User@21
========after========
========before========
========before========
========before========
arg: com.marcnuri.demo.springmockmvc.User@21
arg: com.marcnuri.demo.springmockmvc.User@20
========before========
========before========
arg: com.marcnuri.demo.springmockmvc.User@21
========after========
========after========
========before========
arg: com.marcnuri.demo.springmockmvc.User@21
========after========
========before========
========before========
========before========
arg: com.marcnuri.demo.springmockmvc.User@20
arg: com.marcnuri.demo.springmockmvc.User@21
========before========
arg: com.marcnuri.demo.springmockmvc.User@20
========after========
arg: com.marcnuri.demo.springmockmvc.User@20
========after========
========after========
========after========
========before========
========before========
arg: com.marcnuri.demo.springmockmvc.User@20
========after========
========before========
arg: com.marcnuri.demo.springmockmvc.User@20
========after========
========before========
========before========
arg: com.marcnuri.demo.springmockmvc.User@20
========after========
arg: com.marcnuri.demo.springmockmvc.User@20
========after========
========before========
========before========
arg: com.marcnuri.demo.springmockmvc.User@20
========before========
arg: com.marcnuri.demo.springmockmvc.User@21
========after========
========before========
arg: com.marcnuri.demo.springmockmvc.User@20
========after========
========before========
========before========
arg: com.marcnuri.demo.springmockmvc.User@21
========after========
arg: com.marcnuri.demo.springmockmvc.User@21
========before========
========after========
arg: com.marcnuri.demo.springmockmvc.User@21
========before========
========after========
arg: com.marcnuri.demo.springmockmvc.User@20
========after========
========before========
arg: com.marcnuri.demo.springmockmvc.User@21
========after========
========after========
========before========
arg: com.marcnuri.demo.springmockmvc.User@21
========after========
arg: com.marcnuri.demo.springmockmvc.User@20
========after========
========before========
arg: com.marcnuri.demo.springmockmvc.User@21
========after========
========before========
========before========
========before========
arg: com.marcnuri.demo.springmockmvc.User@20
========after========
========before========
arg: com.marcnuri.demo.springmockmvc.User@20
========after========
arg: com.marcnuri.demo.springmockmvc.User@21
========after========
========before========
arg: com.marcnuri.demo.springmockmvc.User@20
========after========
========before========
arg: com.marcnuri.demo.springmockmvc.User@21
========after========
========after========
========before========
arg: com.marcnuri.demo.springmockmvc.User@20
========after========
========before========
arg: com.marcnuri.demo.springmockmvc.User@21
========after========
========before========
arg: com.marcnuri.demo.springmockmvc.User@21
========after========
arg: com.marcnuri.demo.springmockmvc.User@20
========after========
========before========
arg: com.marcnuri.demo.springmockmvc.User@20
========after========
========before========
arg: com.marcnuri.demo.springmockmvc.User@21
arg: com.marcnuri.demo.springmockmvc.User@20
========after========
========before========
========before========
arg: com.marcnuri.demo.springmockmvc.User@21
arg: com.marcnuri.demo.springmockmvc.User@20
========after========
========before========
arg: com.marcnuri.demo.springmockmvc.User@21
========before========
========after========
========after========
arg: com.marcnuri.demo.springmockmvc.User@20
========before========
========after========
arg: com.marcnuri.demo.springmockmvc.User@21
========after========
========before========
arg: com.marcnuri.demo.springmockmvc.User@20
========after========
========before========
arg: com.marcnuri.demo.springmockmvc.User@21
========before========
arg: com.marcnuri.demo.springmockmvc.User@21
========after========
arg: com.marcnuri.demo.springmockmvc.User@20
========after========
========before========
arg: com.marcnuri.demo.springmockmvc.User@21
========after========
========before========
========before========
arg: com.marcnuri.demo.springmockmvc.User@20
========before========
arg: com.marcnuri.demo.springmockmvc.User@20
========after========
arg: com.marcnuri.demo.springmockmvc.User@20
========after========
========before========
arg: com.marcnuri.demo.springmockmvc.User@20
========after========
========after========
========before========
========before========
arg: com.marcnuri.demo.springmockmvc.User@21
========before========
arg: com.marcnuri.demo.springmockmvc.User@21
arg: com.marcnuri.demo.springmockmvc.User@20
========after========
========after========
========before========
arg: com.marcnuri.demo.springmockmvc.User@21
========after========
========before========
========before========
arg: com.marcnuri.demo.springmockmvc.User@21
========after========
arg: com.marcnuri.demo.springmockmvc.User@21
========after========
========before========
arg: com.marcnuri.demo.springmockmvc.User@21
========after========
arg: com.marcnuri.demo.springmockmvc.User@21
========after========
========after========
========after========
========before========
arg: com.marcnuri.demo.springmockmvc.User@21
========after========
========after========
========before========
arg: com.marcnuri.demo.springmockmvc.User@21
========after========
========before========
========before========
arg: com.marcnuri.demo.springmockmvc.User@20
========before========
arg: com.marcnuri.demo.springmockmvc.User@20
========after========
arg: com.marcnuri.demo.springmockmvc.User@20
========after========
========before========
arg: com.marcnuri.demo.springmockmvc.User@20
========after========
========before========
arg: com.marcnuri.demo.springmockmvc.User@21
========after========
========before========
arg: com.marcnuri.demo.springmockmvc.User@20
========after========
========after========
========before========
========before========
arg: com.marcnuri.demo.springmockmvc.User@20
========after========
========before========
========before========
arg: com.marcnuri.demo.springmockmvc.User@21
========before========
========before========
========after========
arg: com.marcnuri.demo.springmockmvc.User@20
arg: com.marcnuri.demo.springmockmvc.User@20
========after========
========after========
========before========
arg: com.marcnuri.demo.springmockmvc.User@20
========after========
arg: com.marcnuri.demo.springmockmvc.User@21
========after========
========before========
arg: com.marcnuri.demo.springmockmvc.User@21
========before========
arg: com.marcnuri.demo.springmockmvc.User@20
========before========
========after========
arg: com.marcnuri.demo.springmockmvc.User@20
========after========
========before========
========before========
========before========
========before========
arg: com.marcnuri.demo.springmockmvc.User@21
arg: com.marcnuri.demo.springmockmvc.User@21
========before========
========before========
arg: com.marcnuri.demo.springmockmvc.User@21
========after========
========before========
========before========
arg: com.marcnuri.demo.springmockmvc.User@21
arg: com.marcnuri.demo.springmockmvc.User@20
========after========
========after========
========before========
arg: com.marcnuri.demo.springmockmvc.User@20
========after========
arg: com.marcnuri.demo.springmockmvc.User@21
[...]
========before========
arg: com.marcnuri.demo.springmockmvc.User@20
========after========
========before========
arg: com.marcnuri.demo.springmockmvc.User@20
========after========
========before========
arg: com.marcnuri.demo.springmockmvc.User@20
========after========
========before========
arg: com.marcnuri.demo.springmockmvc.User@20
========after========
========before========
arg: com.marcnuri.demo.springmockmvc.User@20
========after========
========before========
========before========
arg: com.marcnuri.demo.springmockmvc.User@21
arg: com.marcnuri.demo.springmockmvc.User@20
========after========
========after========
========before========
arg: com.marcnuri.demo.springmockmvc.User@21
========after========
========before========
========before========
arg: com.marcnuri.demo.springmockmvc.User@21
arg: com.marcnuri.demo.springmockmvc.User@21
========after========
========after========
========before========
========before========
arg: com.marcnuri.demo.springmockmvc.User@21
arg: com.marcnuri.demo.springmockmvc.User@20
========after========
========after========
========before========
arg: com.marcnuri.demo.springmockmvc.User@20
========after========
========before========
arg: com.marcnuri.demo.springmockmvc.User@21
========after========
========before========
arg: com.marcnuri.demo.springmockmvc.User@20
========after========
========before========
arg: com.marcnuri.demo.springmockmvc.User@20
========after========
========before========
========before========
========before========
arg: com.marcnuri.demo.springmockmvc.User@20
arg: com.marcnuri.demo.springmockmvc.User@20
arg: com.marcnuri.demo.springmockmvc.User@21
========after========
========after========
========after========
========before========
arg: com.marcnuri.demo.springmockmvc.User@21
========after========
========before========
arg: com.marcnuri.demo.springmockmvc.User@21
========after========
========before========
arg: com.marcnuri.demo.springmockmvc.User@20
========before========
========after========
========before========
arg: com.marcnuri.demo.springmockmvc.User@20
========after========
arg: com.marcnuri.demo.springmockmvc.User@21
========after========
========before========
arg: com.marcnuri.demo.springmockmvc.User@20
========after========
========before========
========before========
arg: com.marcnuri.demo.springmockmvc.User@21
arg: com.marcnuri.demo.springmockmvc.User@21
========after========
========after========
========before========
arg: com.marcnuri.demo.springmockmvc.User@20
========after========
========before========
arg: com.marcnuri.demo.springmockmvc.User@20
========after========
========before========
========before========
arg: com.marcnuri.demo.springmockmvc.User@21
arg: com.marcnuri.demo.springmockmvc.User@20
========after========
========after========
========before========
arg: com.marcnuri.demo.springmockmvc.User@20
========after========
========before========
arg: com.marcnuri.demo.springmockmvc.User@21
========after========
========before========
arg: com.marcnuri.demo.springmockmvc.User@21
========after========
========before========
arg: com.marcnuri.demo.springmockmvc.User@20
========after========
========before========
arg: com.marcnuri.demo.springmockmvc.User@21
========after========
========before========
arg: com.marcnuri.demo.springmockmvc.User@21
========before========
========after========
arg: com.marcnuri.demo.springmockmvc.User@21
========after========
========before========
arg: com.marcnuri.demo.springmockmvc.User@20
========after========
========before========
arg: com.marcnuri.demo.springmockmvc.User@20
========after========
========before========
arg: com.marcnuri.demo.springmockmvc.User@20
========after========
========before========
arg: com.marcnuri.demo.springmockmvc.User@21
========after========
========before========
========before========
arg: com.marcnuri.demo.springmockmvc.User@21
arg: com.marcnuri.demo.springmockmvc.User@20
========after========
========after========
========before========
arg: com.marcnuri.demo.springmockmvc.User@21
========after========
========before========
arg: com.marcnuri.demo.springmockmvc.User@20
========after========
========before========
arg: com.marcnuri.demo.springmockmvc.User@20
========after========
========before========
========before========
arg: com.marcnuri.demo.springmockmvc.User@21
arg: com.marcnuri.demo.springmockmvc.User@20
========after========
========after========
========before========
arg: com.marcnuri.demo.springmockmvc.User@21
========after========
========before========
arg: com.marcnuri.demo.springmockmvc.User@20
========before========
========after========
arg: com.marcnuri.demo.springmockmvc.User@21
========before========
========after========
arg: com.marcnuri.demo.springmockmvc.User@20
========after========
========before========
arg: com.marcnuri.demo.springmockmvc.User@20
========after========
========before========
========before========
arg: com.marcnuri.demo.springmockmvc.User@21
arg: com.marcnuri.demo.springmockmvc.User@20
========after========
========after========
========before========
arg: com.marcnuri.demo.springmockmvc.User@21
========after========
========before========
arg: com.marcnuri.demo.springmockmvc.User@20
========after========
========before========
arg: com.marcnuri.demo.springmockmvc.User@21
========before========
========after========
arg: com.marcnuri.demo.springmockmvc.User@20
========after========
========before========
arg: com.marcnuri.demo.springmockmvc.User@21
========after========
========before========
arg: com.marcnuri.demo.springmockmvc.User@20
========after========
========before========
========before========
arg: com.marcnuri.demo.springmockmvc.User@20
arg: com.marcnuri.demo.springmockmvc.User@20
========after========
========after========
========before========
arg: com.marcnuri.demo.springmockmvc.User@21
========after========
========before========
arg: com.marcnuri.demo.springmockmvc.User@21
========after========
========before========
arg: com.marcnuri.demo.springmockmvc.User@20
========after========
========before========
arg: com.marcnuri.demo.springmockmvc.User@21
========after========
========before========
arg: com.marcnuri.demo.springmockmvc.User@21
========after========
========before========
arg: com.marcnuri.demo.springmockmvc.User@20
========after========
========before========
arg: com.marcnuri.demo.springmockmvc.User@20
========after========
========before========
arg: com.marcnuri.demo.springmockmvc.User@20
========after========
========before========
arg: com.marcnuri.demo.springmockmvc.User@20
========after========
========before========
arg: com.marcnuri.demo.springmockmvc.User@20
========after========
========before========
arg: com.marcnuri.demo.springmockmvc.User@20
========after========
========before========
========before========
arg: com.marcnuri.demo.springmockmvc.User@21
========after========
arg: com.marcnuri.demo.springmockmvc.User@20
========after========
========before========
arg: com.marcnuri.demo.springmockmvc.User@20
========after========
========before========
arg: com.marcnuri.demo.springmockmvc.User@20
========after========
========before========
arg: com.marcnuri.demo.springmockmvc.User@20
========after========
========before========
arg: com.marcnuri.demo.springmockmvc.User@20
========after========
========before========
arg: com.marcnuri.demo.springmockmvc.User@21
========after========
========before========
arg: com.marcnuri.demo.springmockmvc.User@20
========after========
========before========
arg: com.marcnuri.demo.springmockmvc.User@21
========after========
========before========
arg: com.marcnuri.demo.springmockmvc.User@20
========after========
========before========
arg: com.marcnuri.demo.springmockmvc.User@21
========after========
========before========
========before========
arg: com.marcnuri.demo.springmockmvc.User@20
arg: com.marcnuri.demo.springmockmvc.User@21
========after========
========after========
========before========
arg: com.marcnuri.demo.springmockmvc.User@20
========after========
========before========
arg: com.marcnuri.demo.springmockmvc.User@20
========after========
========before========
arg: com.marcnuri.demo.springmockmvc.User@20
========after========
========before========
arg: com.marcnuri.demo.springmockmvc.User@20
========after========
========before========
arg: com.marcnuri.demo.springmockmvc.User@21
========after========
========before========
arg: com.marcnuri.demo.springmockmvc.User@21
========after========
========before========
arg: com.marcnuri.demo.springmockmvc.User@20
========after========
========before========
arg: com.marcnuri.demo.springmockmvc.User@21
========after========
========before========
arg: com.marcnuri.demo.springmockmvc.User@21
========before========
========after========
arg: com.marcnuri.demo.springmockmvc.User@21
========after========
========before========
arg: com.marcnuri.demo.springmockmvc.User@20
========after========
========before========
arg: com.marcnuri.demo.springmockmvc.User@20
========after========
========before========
arg: com.marcnuri.demo.springmockmvc.User@21
========after========
========before========
arg: com.marcnuri.demo.springmockmvc.User@21
========after========
========before========
arg: com.marcnuri.demo.springmockmvc.User@21
========after========
========before========
arg: com.marcnuri.demo.springmockmvc.User@21
========after========
========before========
arg: com.marcnuri.demo.springmockmvc.User@20
========after========
========before========
arg: com.marcnuri.demo.springmockmvc.User@20
========after========
========before========
arg: com.marcnuri.demo.springmockmvc.User@20
========after========
========before========
arg: com.marcnuri.demo.springmockmvc.User@20
========after========
========before========
arg: com.marcnuri.demo.springmockmvc.User@21
========after========
========before========
========before========
arg: com.marcnuri.demo.springmockmvc.User@20
arg: com.marcnuri.demo.springmockmvc.User@20
========after========
========after========
========before========
arg: com.marcnuri.demo.springmockmvc.User@20
========after========
========before========
arg: com.marcnuri.demo.springmockmvc.User@20
========after========
========before========
arg: com.marcnuri.demo.springmockmvc.User@20
========after========
========before========
arg: com.marcnuri.demo.springmockmvc.User@20
========after========
========before========
========before========
arg: com.marcnuri.demo.springmockmvc.User@21
========after========
arg: com.marcnuri.demo.springmockmvc.User@20
========after========
========before========
========before========
========before========
arg: com.marcnuri.demo.springmockmvc.User@20
arg: com.marcnuri.demo.springmockmvc.User@20
========after========
========before========
========before========
arg: com.marcnuri.demo.springmockmvc.User@20
arg: com.marcnuri.demo.springmockmvc.User@20
========after========
========after========
========before========
========before========
arg: com.marcnuri.demo.springmockmvc.User@21
arg: com.marcnuri.demo.springmockmvc.User@20
========after========
========before========
arg: com.marcnuri.demo.springmockmvc.User@20
========after========
arg: com.marcnuri.demo.springmockmvc.User@20
========after========
========before========
arg: com.marcnuri.demo.springmockmvc.User@20
========after========
========before========
========before========
arg: com.marcnuri.demo.springmockmvc.User@20
arg: com.marcnuri.demo.springmockmvc.User@20
========after========
========after========
========after========
========after========
========before========
arg: com.marcnuri.demo.springmockmvc.User@21
========after========
========before========
========before========
arg: com.marcnuri.demo.springmockmvc.User@21
========after========
========before========
arg: com.marcnuri.demo.springmockmvc.User@21
========after========
========before========
arg: com.marcnuri.demo.springmockmvc.User@20
========after========
========before========
========before========
arg: com.marcnuri.demo.springmockmvc.User@20
========after========
arg: com.marcnuri.demo.springmockmvc.User@20
========after========
========before========
arg: com.marcnuri.demo.springmockmvc.User@20
========after========
arg: com.marcnuri.demo.springmockmvc.User@21
========before========
arg: com.marcnuri.demo.springmockmvc.User@21
========after========
========after========
========before========
arg: com.marcnuri.demo.springmockmvc.User@20
========after========
========before========
arg: com.marcnuri.demo.springmockmvc.User@21
========after========
========before========
arg: com.marcnuri.demo.springmockmvc.User@21
========after========
========before========
arg: com.marcnuri.demo.springmockmvc.User@20
========after========
========before========
arg: com.marcnuri.demo.springmockmvc.User@21
========after========
========before========
arg: com.marcnuri.demo.springmockmvc.User@20
========after========
========before========
arg: com.marcnuri.demo.springmockmvc.User@20
========after========
========before========
arg: com.marcnuri.demo.springmockmvc.User@21
========after========
========before========
arg: com.marcnuri.demo.springmockmvc.User@20
========after========
========before========
arg: com.marcnuri.demo.springmockmvc.User@21
========after========
========before========
arg: com.marcnuri.demo.springmockmvc.User@20
========after========
========before========
arg: com.marcnuri.demo.springmockmvc.User@21
========after========
========before========
arg: com.marcnuri.demo.springmockmvc.User@20
========after========
========before========
arg: com.marcnuri.demo.springmockmvc.User@21
========before========
========after========
arg: com.marcnuri.demo.springmockmvc.User@21
========after========
========before========
arg: com.marcnuri.demo.springmockmvc.User@20
========after========
========before========
arg: com.marcnuri.demo.springmockmvc.User@20
========after========
========before========
arg: com.marcnuri.demo.springmockmvc.User@20
========after========
========before========
========before========
arg: com.marcnuri.demo.springmockmvc.User@21
========after========
========before========
arg: com.marcnuri.demo.springmockmvc.User@21
arg: com.marcnuri.demo.springmockmvc.User@20
========after========
========after========
========before========
arg: com.marcnuri.demo.springmockmvc.User@21
========after========
========before========
========before========
arg: com.marcnuri.demo.springmockmvc.User@20
========after========
========before========
arg: com.marcnuri.demo.springmockmvc.User@20
========after========
========before========
arg: com.marcnuri.demo.springmockmvc.User@20
========after========
========before========
arg: com.marcnuri.demo.springmockmvc.User@21
========after========
========before========
arg: com.marcnuri.demo.springmockmvc.User@21
========before========
========after========
========before========
arg: com.marcnuri.demo.springmockmvc.User@21
========after========
========before========
arg: com.marcnuri.demo.springmockmvc.User@20
========after========
========before========
arg: com.marcnuri.demo.springmockmvc.User@20
========after========
arg: com.marcnuri.demo.springmockmvc.User@21
========after========
========before========
========before========
arg: com.marcnuri.demo.springmockmvc.User@20
========after========
arg: com.marcnuri.demo.springmockmvc.User@20
========before========
arg: com.marcnuri.demo.springmockmvc.User@21
========after========
arg: com.marcnuri.demo.springmockmvc.User@21
========before========
arg: com.marcnuri.demo.springmockmvc.User@21
========before========
arg: com.marcnuri.demo.springmockmvc.User@21
========after========
========before========
arg: com.marcnuri.demo.springmockmvc.User@20
========after========
========after========
========before========
arg: com.marcnuri.demo.springmockmvc.User@21
========after========
========before========
arg: com.marcnuri.demo.springmockmvc.User@21
========after========
========after========
========after========
========before========
arg: com.marcnuri.demo.springmockmvc.User@21
========before========
arg: com.marcnuri.demo.springmockmvc.User@20
========after========
========after========
========before========
arg: com.marcnuri.demo.springmockmvc.User@21
========after========
========before========
arg: com.marcnuri.demo.springmockmvc.User@20
========after========
========before========
arg: com.marcnuri.demo.springmockmvc.User@21
========after========
========before========
arg: com.marcnuri.demo.springmockmvc.User@20
========after========
========before========
arg: com.marcnuri.demo.springmockmvc.User@20
========after========
========before========
========before========
========before========
arg: com.marcnuri.demo.springmockmvc.User@21
========after========
arg: com.marcnuri.demo.springmockmvc.User@20
arg: com.marcnuri.demo.springmockmvc.User@21
========after========
========after========
========before========
arg: com.marcnuri.demo.springmockmvc.User@20
========after========
========before========
arg: com.marcnuri.demo.springmockmvc.User@21
========after========
========before========
arg: com.marcnuri.demo.springmockmvc.User@20
========after========
========before========
arg: com.marcnuri.demo.springmockmvc.User@20
========after========
========before========
arg: com.marcnuri.demo.springmockmvc.User@21
========after========
========before========
arg: com.marcnuri.demo.springmockmvc.User@20
========after========
========before========
========before========
arg: com.marcnuri.demo.springmockmvc.User@20
arg: com.marcnuri.demo.springmockmvc.User@21
========after========
========after========
========before========
arg: com.marcnuri.demo.springmockmvc.User@20
========before========
========after========
========before========
arg: com.marcnuri.demo.springmockmvc.User@20
========after========
arg: com.marcnuri.demo.springmockmvc.User@20
========after========
========before========
arg: com.marcnuri.demo.springmockmvc.User@20
========after========
========before========
arg: com.marcnuri.demo.springmockmvc.User@20
========after========
========before========
arg: com.marcnuri.demo.springmockmvc.User@21
========after========
========before========
arg: com.marcnuri.demo.springmockmvc.User@20
========after========
========before========
arg: com.marcnuri.demo.springmockmvc.User@20
========after========
========before========
arg: com.marcnuri.demo.springmockmvc.User@21
========after========
========before========
arg: com.marcnuri.demo.springmockmvc.User@21
========after========
========before========
arg: com.marcnuri.demo.springmockmvc.User@21
========after========
========before========
arg: com.marcnuri.demo.springmockmvc.User@20
========after========
========before========
arg: com.marcnuri.demo.springmockmvc.User@20
========before========
========before========
arg: com.marcnuri.demo.springmockmvc.User@21
========after========
========after========
========before========
arg: com.marcnuri.demo.springmockmvc.User@21
========after========
========before========
arg: com.marcnuri.demo.springmockmvc.User@20
========after========
========before========
arg: com.marcnuri.demo.springmockmvc.User@21
========after========
arg: com.marcnuri.demo.springmockmvc.User@21
========after========
========before========
arg: com.marcnuri.demo.springmockmvc.User@21
========after========
========before========
arg: com.marcnuri.demo.springmockmvc.User@21
========after========
========before========
arg: com.marcnuri.demo.springmockmvc.User@20
========after========
========before========
arg: com.marcnuri.demo.springmockmvc.User@20
========after========
========before========
arg: com.marcnuri.demo.springmockmvc.User@21
========after========
========before========
arg: com.marcnuri.demo.springmockmvc.User@20
========after========
========before========
========before========
arg: com.marcnuri.demo.springmockmvc.User@20
arg: com.marcnuri.demo.springmockmvc.User@21
========after========
========after========
User 1: 1000
User 2: 1000
]]></system-out>
  <system-err><![CDATA[]]></system-err>
</testsuite>
